======================================== 
===== Build started at 22:56:27.36 ===== 
======================================== 
 
[22:56:27.37] +++++ Compiling Project +++++ 
 
[22:56:28.64] 0 Errors 
 
[22:56:28.64] ===== Project Compiled =====  
 
==========================================
===== Build completed at 22:56:28.66 =====
==========================================
======================================== 
===== Build started at 22:56:43.62 ===== 
======================================== 
 
[22:56:43.63] +++++ Compiling Project +++++ 
 
[22:56:44.88] 0 Errors 
 
[22:56:44.88] ===== Project Compiled =====  
 
==========================================
===== Build completed at 22:56:44.90 =====
==========================================
======================================== 
===== Build started at 22:56:59.71 ===== 
======================================== 
 
[22:56:59.72] +++++ Compiling Project +++++ 
 
[22:57:00.97] 0 Errors 
 
[22:57:00.98] ===== Project Compiled =====  
 
==========================================
===== Build completed at 22:57:00.99 =====
==========================================
