======================================== 
===== Build started at 14:42:07.36 ===== 
======================================== 
 
[14:42:07.37] +++++ Compiling Project +++++ 
 
[14:42:08.68] 0 Errors 
 
[14:42:08.69] ===== Project Compiled =====  
 
==========================================
===== Build completed at 14:42:08.70 =====
==========================================
======================================== 
===== Build started at 14:42:36.68 ===== 
======================================== 
 
[14:42:36.70] +++++ Compiling Project +++++ 
 
[14:42:37.97] 0 Errors 
 
[14:42:37.98] ===== Project Compiled =====  
 
==========================================
===== Build completed at 14:42:37.99 =====
==========================================
======================================== 
===== Build started at 14:42:39.91 ===== 
======================================== 
 
[14:42:39.93] +++++ Compiling Project +++++ 
 
[14:42:41.20] 0 Errors 
 
[14:42:41.21] ===== Project Compiled =====  
 
==========================================
===== Build completed at 14:42:41.22 =====
==========================================
